<?xml version="1.0" encoding="UTF-8"?>
<testng-results skipped="0" failed="0" total="1" passed="1">
  <reporter-output>
  </reporter-output>
  <suite name="Default suite" duration-ms="26625" started-at="2020-01-11T13:48:23Z" finished-at="2020-01-11T13:48:49Z">
    <groups>
    </groups>
    <test name="Default test" duration-ms="26625" started-at="2020-01-11T13:48:23Z" finished-at="2020-01-11T13:48:49Z">
      <class name="org.cucumber.tests.OpenMRSTests">
        <test-method status="PASS" signature="setUP()[pri:0, instance:org.cucumber.tests.OpenMRSTests@1d057a39]" name="setUP" is-config="true" duration-ms="11855" started-at="2020-01-11T19:18:23Z" finished-at="2020-01-11T19:18:35Z">
          <reporter-output>
          </reporter-output>
        </test-method> <!-- setUP -->
        <test-method status="PASS" signature="login(cucumber.api.testng.CucumberFeatureWrapper)[pri:0, instance:org.cucumber.tests.OpenMRSTests@1d057a39]" name="login" duration-ms="14437" started-at="2020-01-11T19:18:35Z" description="login" data-provider="features" finished-at="2020-01-11T19:18:49Z">
          <params>
            <param index="0">
              <value>
                <![CDATA[feature name]]>
              </value>
            </param>
          </params>
          <reporter-output>
          </reporter-output>
        </test-method> <!-- login -->
        <test-method status="PASS" signature="tearDown()[pri:0, instance:org.cucumber.tests.OpenMRSTests@1d057a39]" name="tearDown" is-config="true" duration-ms="61" started-at="2020-01-11T19:18:49Z" finished-at="2020-01-11T19:18:49Z">
          <reporter-output>
          </reporter-output>
        </test-method> <!-- tearDown -->
      </class> <!-- org.cucumber.tests.OpenMRSTests -->
    </test> <!-- Default test -->
  </suite> <!-- Default suite -->
</testng-results>
